<?xml version="1.0" encoding="UTF-8"?>
<!-- Generated by org.testng.reporters.JUnitReportReporter -->
<testsuite hostname="DESKTOP-GG6P3L9" name="test_Runner.Demo_testrunner_cucumber" tests="1" failures="0" timestamp="7 Dec 2020 11:50:58 GMT" time="73.316" errors="0">
  <testcase name="feature" time="73.316" classname="test_Runner.Demo_testrunner_cucumber"/>
</testsuite> <!-- test_Runner.Demo_testrunner_cucumber -->
