<?xml version="1.0" encoding="UTF-8"?>
<!-- Generated by org.testng.reporters.JUnitReportReporter -->
<testsuite hostname="DESKTOP-GG6P3L9" name="test_Runner.Test_runner_cucumber" tests="1" failures="0" timestamp="8 Dec 2020 07:29:14 GMT" time="90.711" errors="0">
  <testcase name="feature" time="90.711" classname="test_Runner.Test_runner_cucumber"/>
</testsuite> <!-- test_Runner.Test_runner_cucumber -->
