<?xml version="1.0" encoding="UTF-8"?>
<!-- Generated by org.testng.reporters.JUnitReportReporter -->
<testsuite hostname="DESKTOP-GG6P3L9" name="step_definition.Stepdef_addtocart" tests="1" failures="0" timestamp="5 Dec 2020 06:34:09 GMT" time="11.495" errors="0">
  <testcase name="user_is_on_home_page" time="11.495" classname="step_definition.Stepdef_addtocart"/>
</testsuite> <!-- step_definition.Stepdef_addtocart -->
